<?xml version="1.0" encoding="UTF-8"?>
<testsuite name="com.spring.yoon.football.FootballApplicationTests" tests="1" skipped="0" failures="0" errors="0" timestamp="2023-05-28T11:51:25" hostname="DESKTOP-92IMVU3" time="0.401">
  <properties/>
  <testcase name="contextLoads()" classname="com.spring.yoon.football.FootballApplicationTests" time="0.401"/>
  <system-out><![CDATA[20:50:54.008 [Test worker] DEBUG org.springframework.test.context.BootstrapUtils - Instantiating CacheAwareContextLoaderDelegate from class [org.springframework.test.context.cache.DefaultCacheAwareContextLoaderDelegate]
20:50:54.046 [Test worker] DEBUG org.springframework.test.context.BootstrapUtils - Instantiating BootstrapContext using constructor [public org.springframework.test.context.support.DefaultBootstrapContext(java.lang.Class,org.springframework.test.context.CacheAwareContextLoaderDelegate)]
20:50:54.146 [Test worker] DEBUG org.springframework.test.context.BootstrapUtils - Instantiating TestContextBootstrapper for test class [com.spring.yoon.football.FootballApplicationTests] from class [org.springframework.boot.test.context.SpringBootTestContextBootstrapper]
20:50:54.184 [Test worker] INFO org.springframework.boot.test.context.SpringBootTestContextBootstrapper - Neither @ContextConfiguration nor @ContextHierarchy found for test class [com.spring.yoon.football.FootballApplicationTests], using SpringBootContextLoader
20:50:54.198 [Test worker] DEBUG org.springframework.test.context.support.AbstractContextLoader - Did not detect default resource location for test class [com.spring.yoon.football.FootballApplicationTests]: class path resource [com/spring/yoon/football/FootballApplicationTests-context.xml] does not exist
20:50:54.199 [Test worker] DEBUG org.springframework.test.context.support.AbstractContextLoader - Did not detect default resource location for test class [com.spring.yoon.football.FootballApplicationTests]: class path resource [com/spring/yoon/football/FootballApplicationTestsContext.groovy] does not exist
20:50:54.200 [Test worker] INFO org.springframework.test.context.support.AbstractContextLoader - Could not detect default resource locations for test class [com.spring.yoon.football.FootballApplicationTests]: no resource found for suffixes {-context.xml, Context.groovy}.
20:50:54.202 [Test worker] INFO org.springframework.test.context.support.AnnotationConfigContextLoaderUtils - Could not detect default configuration classes for test class [com.spring.yoon.football.FootballApplicationTests]: FootballApplicationTests does not declare any static, non-private, non-final, nested classes annotated with @Configuration.
20:50:54.346 [Test worker] DEBUG org.springframework.test.context.support.ActiveProfilesUtils - Could not find an 'annotation declaring class' for annotation type [org.springframework.test.context.ActiveProfiles] and class [com.spring.yoon.football.FootballApplicationTests]
20:50:54.552 [Test worker] DEBUG org.springframework.context.annotation.ClassPathScanningCandidateComponentProvider - Identified candidate component class: file [C:\Users\yunyu\Documents\workspace-spring-intelliJ\football\build\classes\java\main\com\spring\yoon\football\FootballApplication.class]
20:50:54.556 [Test worker] INFO org.springframework.boot.test.context.SpringBootTestContextBootstrapper - Found @SpringBootConfiguration com.spring.yoon.football.FootballApplication for test class com.spring.yoon.football.FootballApplicationTests
20:50:54.945 [Test worker] DEBUG org.springframework.boot.test.context.SpringBootTestContextBootstrapper - @TestExecutionListeners is not present for class [com.spring.yoon.football.FootballApplicationTests]: using defaults.
20:50:54.947 [Test worker] INFO org.springframework.boot.test.context.SpringBootTestContextBootstrapper - Loaded default TestExecutionListener class names from location [META-INF/spring.factories]: [org.springframework.security.test.context.support.WithSecurityContextTestExecutionListener, org.springframework.security.test.context.support.ReactorContextTestExecutionListener, org.springframework.boot.test.autoconfigure.restdocs.RestDocsTestExecutionListener, org.springframework.boot.test.autoconfigure.web.client.MockRestServiceServerResetTestExecutionListener, org.springframework.boot.test.autoconfigure.web.servlet.MockMvcPrintOnlyOnFailureTestExecutionListener, org.springframework.boot.test.autoconfigure.web.servlet.WebDriverTestExecutionListener, org.springframework.boot.test.autoconfigure.webservices.client.MockWebServiceServerTestExecutionListener, org.springframework.boot.test.mock.mockito.MockitoTestExecutionListener, org.springframework.boot.test.mock.mockito.ResetMocksTestExecutionListener, org.springframework.test.context.web.ServletTestExecutionListener, org.springframework.test.context.support.DirtiesContextBeforeModesTestExecutionListener, org.springframework.test.context.event.ApplicationEventsTestExecutionListener, org.springframework.test.context.support.DependencyInjectionTestExecutionListener, org.springframework.test.context.support.DirtiesContextTestExecutionListener, org.springframework.test.context.transaction.TransactionalTestExecutionListener, org.springframework.test.context.jdbc.SqlScriptsTestExecutionListener, org.springframework.test.context.event.EventPublishingTestExecutionListener]
20:50:55.022 [Test worker] INFO org.springframework.boot.test.context.SpringBootTestContextBootstrapper - Using TestExecutionListeners: [org.springframework.test.context.web.ServletTestExecutionListener@6d2260db, org.springframework.test.context.support.DirtiesContextBeforeModesTestExecutionListener@1f2d2181, org.springframework.test.context.event.ApplicationEventsTestExecutionListener@49bf29c6, org.springframework.boot.test.mock.mockito.MockitoTestExecutionListener@7ee55e70, org.springframework.boot.test.autoconfigure.SpringBootDependencyInjectionTestExecutionListener@3fcdcf, org.springframework.test.context.support.DirtiesContextTestExecutionListener@7668d560, org.springframework.test.context.transaction.TransactionalTestExecutionListener@46292372, org.springframework.test.context.jdbc.SqlScriptsTestExecutionListener@126be319, org.springframework.security.test.context.support.WithSecurityContextTestExecutionListener@6c44052e, org.springframework.test.context.event.EventPublishingTestExecutionListener@5c371e13, org.springframework.security.test.context.support.ReactorContextTestExecutionListener@530a8454, org.springframework.boot.test.autoconfigure.restdocs.RestDocsTestExecutionListener@1e34c607, org.springframework.boot.test.autoconfigure.web.client.MockRestServiceServerResetTestExecutionListener@5215cd9a, org.springframework.boot.test.autoconfigure.web.servlet.MockMvcPrintOnlyOnFailureTestExecutionListener@36b6964d, org.springframework.boot.test.autoconfigure.web.servlet.WebDriverTestExecutionListener@31198ceb, org.springframework.boot.test.autoconfigure.webservices.client.MockWebServiceServerTestExecutionListener@9257031, org.springframework.boot.test.mock.mockito.ResetMocksTestExecutionListener@75201592]
20:50:55.036 [Test worker] DEBUG org.springframework.test.context.support.AbstractDirtiesContextTestExecutionListener - Before test class: context [DefaultTestContext@6650813a testClass = FootballApplicationTests, testInstance = [null], testMethod = [null], testException = [null], mergedContextConfiguration = [WebMergedContextConfiguration@44ea608c testClass = FootballApplicationTests, locations = '{}', classes = '{class com.spring.yoon.football.FootballApplication}', contextInitializerClasses = '[]', activeProfiles = '{}', propertySourceLocations = '{}', propertySourceProperties = '{org.springframework.boot.test.context.SpringBootTestContextBootstrapper=true}', contextCustomizers = set[org.springframework.boot.test.autoconfigure.actuate.metrics.MetricsExportContextCustomizerFactory$DisableMetricExportContextCustomizer@61884cb1, org.springframework.boot.test.autoconfigure.properties.PropertyMappingContextCustomizer@0, org.springframework.boot.test.autoconfigure.web.servlet.WebDriverContextCustomizerFactory$Customizer@285c08c8, org.springframework.boot.test.context.filter.ExcludeFilterContextCustomizer@388ba540, org.springframework.boot.test.json.DuplicateJsonObjectContextCustomizerFactory$DuplicateJsonObjectContextCustomizer@3d484181, org.springframework.boot.test.mock.mockito.MockitoContextCustomizer@0, org.springframework.boot.test.web.client.TestRestTemplateContextCustomizer@650eab8, org.springframework.boot.test.web.reactive.server.WebTestClientContextCustomizer@f0e995e, org.springframework.boot.test.context.SpringBootTestArgs@1, org.springframework.boot.test.context.SpringBootTestWebEnvironment@479cbee5], resourceBasePath = 'src/main/webapp', contextLoader = 'org.springframework.boot.test.context.SpringBootContextLoader', parent = [null]], attributes = map['org.springframework.test.context.web.ServletTestExecutionListener.activateListener' -> true]], class annotated with @DirtiesContext [false] with mode [null].

  .   ____          _            __ _ _
 /\\ / ___'_ __ _ _(_)_ __  __ _ \ \ \ \
( ( )\___ | '_ | '_| | '_ \/ _` | \ \ \ \
 \\/  ___)| |_)| | | | | || (_| |  ) ) ) )
  '  |____| .__|_| |_|_| |_\__, | / / / /
 =========|_|==============|___/=/_/_/_/
 :: Spring Boot ::      (v2.7.13-SNAPSHOT)

2023-05-28 20:50:56.436  INFO 27620 --- [    Test worker] c.s.y.football.FootballApplicationTests  : Starting FootballApplicationTests using Java 11.0.11 on DESKTOP-92IMVU3 with PID 27620 (started by yunyu in C:\Users\yunyu\Documents\workspace-spring-intelliJ\football)
2023-05-28 20:50:56.440  INFO 27620 --- [    Test worker] c.s.y.football.FootballApplicationTests  : The following 1 profile is active: "local"
2023-05-28 20:50:59.654  INFO 27620 --- [    Test worker] .s.d.r.c.RepositoryConfigurationDelegate : Multiple Spring Data modules found, entering strict repository configuration mode
2023-05-28 20:50:59.657  INFO 27620 --- [    Test worker] .s.d.r.c.RepositoryConfigurationDelegate : Bootstrapping Spring Data Redis repositories in DEFAULT mode.
2023-05-28 20:50:59.774  INFO 27620 --- [    Test worker] .s.d.r.c.RepositoryConfigurationDelegate : Finished Spring Data repository scanning in 61 ms. Found 0 Redis repository interfaces.
2023-05-28 20:51:00.690  INFO 27620 --- [    Test worker] .s.d.r.c.RepositoryConfigurationDelegate : Multiple Spring Data modules found, entering strict repository configuration mode
2023-05-28 20:51:00.696  INFO 27620 --- [    Test worker] .s.d.r.c.RepositoryConfigurationDelegate : Bootstrapping Spring Data JPA repositories in DEFAULT mode.
2023-05-28 20:51:01.608  INFO 27620 --- [    Test worker] .RepositoryConfigurationExtensionSupport : Spring Data JPA - Could not safely identify store assignment for repository candidate interface com.spring.yoon.football.domain.redis.emailauth.EmailAuthCodeRepository; If you want this repository to be a JPA repository, consider annotating your entities with one of these annotations: javax.persistence.Entity, javax.persistence.MappedSuperclass (preferred), or consider extending one of the following types with your repository: org.springframework.data.jpa.repository.JpaRepository
2023-05-28 20:51:01.616  INFO 27620 --- [    Test worker] .RepositoryConfigurationExtensionSupport : Spring Data JPA - Could not safely identify store assignment for repository candidate interface com.spring.yoon.football.domain.redis.payment.PaymentUidRepository; If you want this repository to be a JPA repository, consider annotating your entities with one of these annotations: javax.persistence.Entity, javax.persistence.MappedSuperclass (preferred), or consider extending one of the following types with your repository: org.springframework.data.jpa.repository.JpaRepository
2023-05-28 20:51:01.839  INFO 27620 --- [    Test worker] .s.d.r.c.RepositoryConfigurationDelegate : Finished Spring Data repository scanning in 1132 ms. Found 9 JPA repository interfaces.
2023-05-28 20:51:01.867  INFO 27620 --- [    Test worker] .s.d.r.c.RepositoryConfigurationDelegate : Multiple Spring Data modules found, entering strict repository configuration mode
2023-05-28 20:51:01.867  INFO 27620 --- [    Test worker] .s.d.r.c.RepositoryConfigurationDelegate : Bootstrapping Spring Data Redis repositories in DEFAULT mode.
2023-05-28 20:51:02.032  INFO 27620 --- [    Test worker] .RepositoryConfigurationExtensionSupport : Spring Data Redis - Could not safely identify store assignment for repository candidate interface com.spring.yoon.football.domain.footballmatchboard.FootballMatchBoardRepository; If you want this repository to be a Redis repository, consider annotating your entities with one of these annotations: org.springframework.data.redis.core.RedisHash (preferred), or consider extending one of the following types with your repository: org.springframework.data.keyvalue.repository.KeyValueRepository
2023-05-28 20:51:02.033  INFO 27620 --- [    Test worker] .RepositoryConfigurationExtensionSupport : Spring Data Redis - Could not safely identify store assignment for repository candidate interface com.spring.yoon.football.domain.footballmatchboardreply.FootballMatchBoardReplyRepository; If you want this repository to be a Redis repository, consider annotating your entities with one of these annotations: org.springframework.data.redis.core.RedisHash (preferred), or consider extending one of the following types with your repository: org.springframework.data.keyvalue.repository.KeyValueRepository
2023-05-28 20:51:02.035  INFO 27620 --- [    Test worker] .RepositoryConfigurationExtensionSupport : Spring Data Redis - Could not safely identify store assignment for repository candidate interface com.spring.yoon.football.domain.footballsocialmatch.FootballSocialMatchRepository; If you want this repository to be a Redis repository, consider annotating your entities with one of these annotations: org.springframework.data.redis.core.RedisHash (preferred), or consider extending one of the following types with your repository: org.springframework.data.keyvalue.repository.KeyValueRepository
2023-05-28 20:51:02.036  INFO 27620 --- [    Test worker] .RepositoryConfigurationExtensionSupport : Spring Data Redis - Could not safely identify store assignment for repository candidate interface com.spring.yoon.football.domain.footballsocialmatchenrollment.FootballSocialMatchEnrollRepository; If you want this repository to be a Redis repository, consider annotating your entities with one of these annotations: org.springframework.data.redis.core.RedisHash (preferred), or consider extending one of the following types with your repository: org.springframework.data.keyvalue.repository.KeyValueRepository
2023-05-28 20:51:02.038  INFO 27620 --- [    Test worker] .RepositoryConfigurationExtensionSupport : Spring Data Redis - Could not safely identify store assignment for repository candidate interface com.spring.yoon.football.domain.footballstadium.FootballStadiumRepository; If you want this repository to be a Redis repository, consider annotating your entities with one of these annotations: org.springframework.data.redis.core.RedisHash (preferred), or consider extending one of the following types with your repository: org.springframework.data.keyvalue.repository.KeyValueRepository
2023-05-28 20:51:02.039  INFO 27620 --- [    Test worker] .RepositoryConfigurationExtensionSupport : Spring Data Redis - Could not safely identify store assignment for repository candidate interface com.spring.yoon.football.domain.member.MemberRepository; If you want this repository to be a Redis repository, consider annotating your entities with one of these annotations: org.springframework.data.redis.core.RedisHash (preferred), or consider extending one of the following types with your repository: org.springframework.data.keyvalue.repository.KeyValueRepository
2023-05-28 20:51:02.041  INFO 27620 --- [    Test worker] .RepositoryConfigurationExtensionSupport : Spring Data Redis - Could not safely identify store assignment for repository candidate interface com.spring.yoon.football.domain.noticeboard.NoticeBoardRepository; If you want this repository to be a Redis repository, consider annotating your entities with one of these annotations: org.springframework.data.redis.core.RedisHash (preferred), or consider extending one of the following types with your repository: org.springframework.data.keyvalue.repository.KeyValueRepository
2023-05-28 20:51:02.042  INFO 27620 --- [    Test worker] .RepositoryConfigurationExtensionSupport : Spring Data Redis - Could not safely identify store assignment for repository candidate interface com.spring.yoon.football.domain.notification.NotificationRepository; If you want this repository to be a Redis repository, consider annotating your entities with one of these annotations: org.springframework.data.redis.core.RedisHash (preferred), or consider extending one of the following types with your repository: org.springframework.data.keyvalue.repository.KeyValueRepository
2023-05-28 20:51:02.044  INFO 27620 --- [    Test worker] .RepositoryConfigurationExtensionSupport : Spring Data Redis - Could not safely identify store assignment for repository candidate interface com.spring.yoon.football.domain.payment.PaymentRepository; If you want this repository to be a Redis repository, consider annotating your entities with one of these annotations: org.springframework.data.redis.core.RedisHash (preferred), or consider extending one of the following types with your repository: org.springframework.data.keyvalue.repository.KeyValueRepository
2023-05-28 20:51:02.217  INFO 27620 --- [    Test worker] .s.d.r.c.RepositoryConfigurationDelegate : Finished Spring Data repository scanning in 348 ms. Found 2 Redis repository interfaces.
2023-05-28 20:51:05.215 DEBUG 27620 --- [    Test worker] j.LocalContainerEntityManagerFactoryBean : Building JPA container EntityManagerFactory for persistence unit 'default'
2023-05-28 20:51:05.273  INFO 27620 --- [    Test worker] o.hibernate.jpa.internal.util.LogHelper  : HHH000204: Processing PersistenceUnitInfo [name: default]
2023-05-28 20:51:05.532  INFO 27620 --- [    Test worker] org.hibernate.Version                    : HHH000412: Hibernate ORM core version 5.6.15.Final
2023-05-28 20:51:06.252  INFO 27620 --- [    Test worker] o.hibernate.annotations.common.Version   : HCANN000001: Hibernate Commons Annotations {5.1.2.Final}
2023-05-28 20:51:06.742  INFO 27620 --- [    Test worker] com.zaxxer.hikari.HikariDataSource       : HikariPool-1 - Starting...
2023-05-28 20:51:07.954  INFO 27620 --- [    Test worker] com.zaxxer.hikari.HikariDataSource       : HikariPool-1 - Start completed.
2023-05-28 20:51:08.105  INFO 27620 --- [    Test worker] org.hibernate.dialect.Dialect            : HHH000400: Using dialect: org.hibernate.dialect.MySQL57Dialect
2023-05-28 20:51:12.062  INFO 27620 --- [    Test worker] o.h.e.t.j.p.i.JtaPlatformInitiator       : HHH000490: Using JtaPlatform implementation: [org.hibernate.engine.transaction.jta.platform.internal.NoJtaPlatform]
2023-05-28 20:51:12.101  INFO 27620 --- [    Test worker] j.LocalContainerEntityManagerFactoryBean : Initialized JPA EntityManagerFactory for persistence unit 'default'
2023-05-28 20:51:15.054 DEBUG 27620 --- [    Test worker] tor$SharedEntityManagerInvocationHandler : Creating new EntityManager for shared EntityManager invocation
2023-05-28 20:51:15.241 DEBUG 27620 --- [    Test worker] tor$SharedEntityManagerInvocationHandler : Creating new EntityManager for shared EntityManager invocation
2023-05-28 20:51:15.413 DEBUG 27620 --- [    Test worker] tor$SharedEntityManagerInvocationHandler : Creating new EntityManager for shared EntityManager invocation
2023-05-28 20:51:15.630 DEBUG 27620 --- [    Test worker] tor$SharedEntityManagerInvocationHandler : Creating new EntityManager for shared EntityManager invocation
2023-05-28 20:51:15.786 DEBUG 27620 --- [    Test worker] tor$SharedEntityManagerInvocationHandler : Creating new EntityManager for shared EntityManager invocation
2023-05-28 20:51:15.799 DEBUG 27620 --- [    Test worker] tor$SharedEntityManagerInvocationHandler : Creating new EntityManager for shared EntityManager invocation
2023-05-28 20:51:15.802 DEBUG 27620 --- [    Test worker] tor$SharedEntityManagerInvocationHandler : Creating new EntityManager for shared EntityManager invocation
2023-05-28 20:51:18.286 DEBUG 27620 --- [    Test worker] tor$SharedEntityManagerInvocationHandler : Creating new EntityManager for shared EntityManager invocation
2023-05-28 20:51:18.321 DEBUG 27620 --- [    Test worker] tor$SharedEntityManagerInvocationHandler : Creating new EntityManager for shared EntityManager invocation
2023-05-28 20:51:18.418 DEBUG 27620 --- [    Test worker] tor$SharedEntityManagerInvocationHandler : Creating new EntityManager for shared EntityManager invocation
2023-05-28 20:51:18.756 DEBUG 27620 --- [    Test worker] tor$SharedEntityManagerInvocationHandler : Creating new EntityManager for shared EntityManager invocation
2023-05-28 20:51:18.819 DEBUG 27620 --- [    Test worker] tor$SharedEntityManagerInvocationHandler : Creating new EntityManager for shared EntityManager invocation
2023-05-28 20:51:18.830 DEBUG 27620 --- [    Test worker] tor$SharedEntityManagerInvocationHandler : Creating new EntityManager for shared EntityManager invocation
2023-05-28 20:51:18.874 DEBUG 27620 --- [    Test worker] tor$SharedEntityManagerInvocationHandler : Creating new EntityManager for shared EntityManager invocation
2023-05-28 20:51:18.877 DEBUG 27620 --- [    Test worker] tor$SharedEntityManagerInvocationHandler : Creating new EntityManager for shared EntityManager invocation
2023-05-28 20:51:18.928 DEBUG 27620 --- [    Test worker] tor$SharedEntityManagerInvocationHandler : Creating new EntityManager for shared EntityManager invocation
2023-05-28 20:51:18.940 DEBUG 27620 --- [    Test worker] tor$SharedEntityManagerInvocationHandler : Creating new EntityManager for shared EntityManager invocation
2023-05-28 20:51:19.036 DEBUG 27620 --- [    Test worker] tor$SharedEntityManagerInvocationHandler : Creating new EntityManager for shared EntityManager invocation
2023-05-28 20:51:19.093 DEBUG 27620 --- [    Test worker] tor$SharedEntityManagerInvocationHandler : Creating new EntityManager for shared EntityManager invocation
2023-05-28 20:51:19.144 DEBUG 27620 --- [    Test worker] tor$SharedEntityManagerInvocationHandler : Creating new EntityManager for shared EntityManager invocation
2023-05-28 20:51:19.165 DEBUG 27620 --- [    Test worker] tor$SharedEntityManagerInvocationHandler : Creating new EntityManager for shared EntityManager invocation
2023-05-28 20:51:19.180 DEBUG 27620 --- [    Test worker] tor$SharedEntityManagerInvocationHandler : Creating new EntityManager for shared EntityManager invocation
2023-05-28 20:51:19.230 DEBUG 27620 --- [    Test worker] tor$SharedEntityManagerInvocationHandler : Creating new EntityManager for shared EntityManager invocation
2023-05-28 20:51:19.232 DEBUG 27620 --- [    Test worker] tor$SharedEntityManagerInvocationHandler : Creating new EntityManager for shared EntityManager invocation
2023-05-28 20:51:19.265 DEBUG 27620 --- [    Test worker] tor$SharedEntityManagerInvocationHandler : Creating new EntityManager for shared EntityManager invocation
2023-05-28 20:51:19.401 DEBUG 27620 --- [    Test worker] tor$SharedEntityManagerInvocationHandler : Creating new EntityManager for shared EntityManager invocation
2023-05-28 20:51:19.413 DEBUG 27620 --- [    Test worker] tor$SharedEntityManagerInvocationHandler : Creating new EntityManager for shared EntityManager invocation
2023-05-28 20:51:19.437 DEBUG 27620 --- [    Test worker] tor$SharedEntityManagerInvocationHandler : Creating new EntityManager for shared EntityManager invocation
2023-05-28 20:51:19.446 DEBUG 27620 --- [    Test worker] tor$SharedEntityManagerInvocationHandler : Creating new EntityManager for shared EntityManager invocation
2023-05-28 20:51:19.450 DEBUG 27620 --- [    Test worker] tor$SharedEntityManagerInvocationHandler : Creating new EntityManager for shared EntityManager invocation
2023-05-28 20:51:20.601 DEBUG 27620 --- [    Test worker] tor$SharedEntityManagerInvocationHandler : Creating new EntityManager for shared EntityManager invocation
2023-05-28 20:51:20.603 DEBUG 27620 --- [    Test worker] tor$SharedEntityManagerInvocationHandler : Creating new EntityManager for shared EntityManager invocation
2023-05-28 20:51:20.762 DEBUG 27620 --- [    Test worker] tor$SharedEntityManagerInvocationHandler : Creating new EntityManager for shared EntityManager invocation
2023-05-28 20:51:20.764 DEBUG 27620 --- [    Test worker] tor$SharedEntityManagerInvocationHandler : Creating new EntityManager for shared EntityManager invocation
2023-05-28 20:51:20.807 DEBUG 27620 --- [    Test worker] tor$SharedEntityManagerInvocationHandler : Creating new EntityManager for shared EntityManager invocation
2023-05-28 20:51:21.013 DEBUG 27620 --- [    Test worker] tor$SharedEntityManagerInvocationHandler : Creating new EntityManager for shared EntityManager invocation
2023-05-28 20:51:21.029 DEBUG 27620 --- [    Test worker] tor$SharedEntityManagerInvocationHandler : Creating new EntityManager for shared EntityManager invocation
2023-05-28 20:51:22.164  INFO 27620 --- [    Test worker] o.s.s.web.DefaultSecurityFilterChain     : Will secure any request with [org.springframework.security.web.session.DisableEncodeUrlFilter@77614e7c, org.springframework.security.web.context.request.async.WebAsyncManagerIntegrationFilter@1344ee24, org.springframework.security.web.context.SecurityContextPersistenceFilter@7ce87f9d, org.springframework.security.web.header.HeaderWriterFilter@67dc7d0, org.springframework.security.web.csrf.CsrfFilter@4fad5e7, org.springframework.security.web.authentication.logout.LogoutFilter@2b009051, com.spring.yoon.football.config.security.AjaxAuthenticationFilter@62ccbd95, org.springframework.security.web.session.ConcurrentSessionFilter@6d575cd8, org.springframework.security.web.savedrequest.RequestCacheAwareFilter@1447bef2, org.springframework.security.web.servletapi.SecurityContextHolderAwareRequestFilter@7c4a44bb, org.springframework.security.web.authentication.AnonymousAuthenticationFilter@4d3946b6, org.springframework.security.web.session.SessionManagementFilter@344ab465, org.springframework.security.web.access.ExceptionTranslationFilter@2627da4c, org.springframework.security.web.access.intercept.AuthorizationFilter@81cba04]
2023-05-28 20:51:25.103  INFO 27620 --- [    Test worker] c.s.y.football.FootballApplicationTests  : Started FootballApplicationTests in 29.947 seconds (JVM running for 35.353)
]]></system-out>
  <system-err><![CDATA[]]></system-err>
</testsuite>
